{
  "stats": {
    "suites": 2,
    "tests": 8,
    "passes": 8,
    "pending": 0,
    "failures": 0,
    "start": "2020-03-06T16:16:01.392Z",
    "end": "2020-03-06T16:16:04.867Z",
    "duration": 3475,
    "testsRegistered": 8,
    "passPercent": 100,
    "pendingPercent": 0,
    "other": 0,
    "hasOther": false,
    "skipped": 0,
    "hasSkipped": false
  },
  "results": [
    {
      "uuid": "c8cc37ac-6fec-4ac5-a7f8-706bfc260d02",
      "title": "",
      "fullFile": "cypress/integration/examples/connectors.spec.js",
      "file": "cypress/integration/examples/connectors.spec.js",
      "beforeHooks": [],
      "afterHooks": [],
      "tests": [],
      "suites": [
        {
          "uuid": "e88e1828-bbaf-4a1b-a299-92603eed7350",
          "title": "Connectors",
          "fullFile": "",
          "file": "",
          "beforeHooks": [],
          "afterHooks": [],
          "tests": [
            {
              "title": ".each() - iterate over an array of elements",
              "fullTitle": "Connectors .each() - iterate over an array of elements",
              "timedOut": null,
              "duration": 547,
              "state": "passed",
              "speed": "slow",
              "pass": true,
              "fail": false,
              "pending": false,
              "context": null,
              "code": "// https://on.cypress.io/each\ncy.get('.connectors-each-ul>li').each(function ($el, index, $list) {\n  console.log($el, index, $list);\n});",
              "err": {},
              "uuid": "0ca7e955-2710-43ae-8f72-8ce47e0651a9",
              "parentUUID": "e88e1828-bbaf-4a1b-a299-92603eed7350",
              "isHook": false,
              "skipped": false
            },
            {
              "title": ".its() - get properties on the current subject",
              "fullTitle": "Connectors .its() - get properties on the current subject",
              "timedOut": null,
              "duration": 207,
              "state": "passed",
              "speed": "slow",
              "pass": true,
              "fail": false,
              "pending": false,
              "context": null,
              "code": "// https://on.cypress.io/its\ncy.get('.connectors-its-ul>li') // calls the 'length' property yielding that value\n.its('length').should('be.gt', 2);",
              "err": {},
              "uuid": "3e218bd0-eb0d-4b42-a328-014bd651dd79",
              "parentUUID": "e88e1828-bbaf-4a1b-a299-92603eed7350",
              "isHook": false,
              "skipped": false
            },
            {
              "title": ".invoke() - invoke a function on the current subject",
              "fullTitle": "Connectors .invoke() - invoke a function on the current subject",
              "timedOut": null,
              "duration": 142,
              "state": "passed",
              "speed": "slow",
              "pass": true,
              "fail": false,
              "pending": false,
              "context": null,
              "code": "// our div is hidden in our script.js\n// $('.connectors-div').hide()\n// https://on.cypress.io/invoke\ncy.get('.connectors-div').should('be.hidden') // call the jquery method 'show' on the 'div.container'\n.invoke('show').should('be.visible');",
              "err": {},
              "uuid": "91775dc2-a9a4-49ad-a559-9966628fcf7f",
              "parentUUID": "e88e1828-bbaf-4a1b-a299-92603eed7350",
              "isHook": false,
              "skipped": false
            },
            {
              "title": ".spread() - spread an array as individual args to callback function",
              "fullTitle": "Connectors .spread() - spread an array as individual args to callback function",
              "timedOut": null,
              "duration": 190,
              "state": "passed",
              "speed": "slow",
              "pass": true,
              "fail": false,
              "pending": false,
              "context": null,
              "code": "// https://on.cypress.io/spread\nvar arr = ['foo', 'bar', 'baz'];\ncy.wrap(arr).spread(function (foo, bar, baz) {\n  expect(foo).to.eq('foo');\n  expect(bar).to.eq('bar');\n  expect(baz).to.eq('baz');\n});",
              "err": {},
              "uuid": "05dbb533-488f-4606-a7fc-01337f6ebed3",
              "parentUUID": "e88e1828-bbaf-4a1b-a299-92603eed7350",
              "isHook": false,
              "skipped": false
            }
          ],
          "suites": [
            {
              "uuid": "b9eb12d7-083e-429a-a94c-1cd6cdf0f91f",
              "title": ".then()",
              "fullFile": "",
              "file": "",
              "beforeHooks": [],
              "afterHooks": [],
              "tests": [
                {
                  "title": "invokes a callback function with the current subject",
                  "fullTitle": "Connectors .then() invokes a callback function with the current subject",
                  "timedOut": null,
                  "duration": 256,
                  "state": "passed",
                  "speed": "slow",
                  "pass": true,
                  "fail": false,
                  "pending": false,
                  "context": null,
                  "code": "// https://on.cypress.io/then\ncy.get('.connectors-list > li').then(function ($lis) {\n  expect($lis, '3 items').to.have.length(3);\n  expect($lis.eq(0), 'first item').to.contain('Walk the dog');\n  expect($lis.eq(1), 'second item').to.contain('Feed the cat');\n  expect($lis.eq(2), 'third item').to.contain('Write JavaScript');\n});",
                  "err": {},
                  "uuid": "585f6e5f-b8fe-44a7-ab70-6d8905f9d683",
                  "parentUUID": "b9eb12d7-083e-429a-a94c-1cd6cdf0f91f",
                  "isHook": false,
                  "skipped": false
                },
                {
                  "title": "yields the returned value to the next command",
                  "fullTitle": "Connectors .then() yields the returned value to the next command",
                  "timedOut": null,
                  "duration": 242,
                  "state": "passed",
                  "speed": "slow",
                  "pass": true,
                  "fail": false,
                  "pending": false,
                  "context": null,
                  "code": "cy.wrap(1).then(function (num) {\n  expect(num).to.equal(1);\n  return 2;\n}).then(function (num) {\n  expect(num).to.equal(2);\n});",
                  "err": {},
                  "uuid": "c2aa0f18-b12d-4788-935c-6f37cd3d881a",
                  "parentUUID": "b9eb12d7-083e-429a-a94c-1cd6cdf0f91f",
                  "isHook": false,
                  "skipped": false
                },
                {
                  "title": "yields the original subject without return",
                  "fullTitle": "Connectors .then() yields the original subject without return",
                  "timedOut": null,
                  "duration": 259,
                  "state": "passed",
                  "speed": "slow",
                  "pass": true,
                  "fail": false,
                  "pending": false,
                  "context": null,
                  "code": "cy.wrap(1).then(function (num) {\n  expect(num).to.equal(1); // note that nothing is returned from this callback\n}).then(function (num) {\n  // this callback receives the original unchanged value 1\n  expect(num).to.equal(1);\n});",
                  "err": {},
                  "uuid": "148a7349-ae33-4585-a7b1-0053edaa8a19",
                  "parentUUID": "b9eb12d7-083e-429a-a94c-1cd6cdf0f91f",
                  "isHook": false,
                  "skipped": false
                },
                {
                  "title": "yields the value yielded by the last Cypress command inside",
                  "fullTitle": "Connectors .then() yields the value yielded by the last Cypress command inside",
                  "timedOut": null,
                  "duration": 229,
                  "state": "passed",
                  "speed": "slow",
                  "pass": true,
                  "fail": false,
                  "pending": false,
                  "context": null,
                  "code": "cy.wrap(1).then(function (num) {\n  expect(num).to.equal(1); // note how we run a Cypress command\n  // the result yielded by this Cypress command\n  // will be passed to the second \".then\"\n  cy.wrap(2);\n}).then(function (num) {\n  // this callback receives the value yielded by \"cy.wrap(2)\"\n  expect(num).to.equal(2);\n});",
                  "err": {},
                  "uuid": "24fe1120-22a0-4ee1-bdd1-17cd233566ba",
                  "parentUUID": "b9eb12d7-083e-429a-a94c-1cd6cdf0f91f",
                  "isHook": false,
                  "skipped": false
                }
              ],
              "suites": [],
              "passes": [
                "585f6e5f-b8fe-44a7-ab70-6d8905f9d683",
                "c2aa0f18-b12d-4788-935c-6f37cd3d881a",
                "148a7349-ae33-4585-a7b1-0053edaa8a19",
                "24fe1120-22a0-4ee1-bdd1-17cd233566ba"
              ],
              "failures": [],
              "pending": [],
              "skipped": [],
              "duration": 986,
              "root": false,
              "rootEmpty": false,
              "_timeout": 2000
            }
          ],
          "passes": [
            "0ca7e955-2710-43ae-8f72-8ce47e0651a9",
            "3e218bd0-eb0d-4b42-a328-014bd651dd79",
            "91775dc2-a9a4-49ad-a559-9966628fcf7f",
            "05dbb533-488f-4606-a7fc-01337f6ebed3"
          ],
          "failures": [],
          "pending": [],
          "skipped": [],
          "duration": 1086,
          "root": false,
          "rootEmpty": false,
          "_timeout": 2000
        }
      ],
      "passes": [],
      "failures": [],
      "pending": [],
      "skipped": [],
      "duration": 0,
      "root": true,
      "rootEmpty": true,
      "_timeout": 2000
    }
  ],
  "meta": {
    "mocha": {
      "version": "5.2.0"
    },
    "mochawesome": {
      "options": {
        "quiet": false,
        "reportFilename": "mochawesome",
        "saveHtml": false,
        "saveJson": true,
        "consoleReporter": "spec",
        "useInlineDiffs": false,
        "code": true
      },
      "version": "5.0.0"
    },
    "marge": {
      "options": {
        "reportDir": "results",
        "overwrite": false,
        "html": false,
        "json": true
      },
      "version": "4.1.0"
    }
  }
}