{
  "stats": {
    "suites": 0,
    "tests": 1,
    "passes": 1,
    "pending": 0,
    "failures": 0,
    "start": "2020-03-06T16:15:04.825Z",
    "end": "2020-03-06T16:15:11.962Z",
    "duration": 7137,
    "testsRegistered": 1,
    "passPercent": 100,
    "pendingPercent": 0,
    "other": 0,
    "hasOther": false,
    "skipped": 0,
    "hasSkipped": false
  },
  "results": [
    {
      "uuid": "945e70ba-0e32-4220-a767-50d236d02c81",
      "title": "",
      "fullFile": "cypress/integration/bestbuy.spec.js",
      "file": "cypress/integration/bestbuy.spec.js",
      "beforeHooks": [],
      "afterHooks": [],
      "tests": [
        {
          "title": "test",
          "fullTitle": " test",
          "timedOut": null,
          "duration": 5440,
          "state": "passed",
          "speed": "slow",
          "pass": true,
          "fail": false,
          "pending": false,
          "context": null,
          "code": "cy.server().route(\"POST\", '**/v1/stats').as('testdata');\ncy.visit(\"https://www.twitch.tv\"); // cy.wait(3000)\ncy.wait('@testdata').its('status').should('be', 200);\ncy.get('.carousel-player-nav-arrow__container.tw-right-0 > .tw-flex > .tw-align-middle').click();",
          "err": {},
          "uuid": "631fd630-acbe-4161-91a6-2fa79c797fd4",
          "parentUUID": "945e70ba-0e32-4220-a767-50d236d02c81",
          "isHook": false,
          "skipped": false
        }
      ],
      "suites": [],
      "passes": [
        "631fd630-acbe-4161-91a6-2fa79c797fd4"
      ],
      "failures": [],
      "pending": [],
      "skipped": [],
      "duration": 5440,
      "root": true,
      "rootEmpty": false,
      "_timeout": 2000
    }
  ],
  "meta": {
    "mocha": {
      "version": "5.2.0"
    },
    "mochawesome": {
      "options": {
        "quiet": false,
        "reportFilename": "mochawesome",
        "saveHtml": false,
        "saveJson": true,
        "consoleReporter": "spec",
        "useInlineDiffs": false,
        "code": true
      },
      "version": "5.0.0"
    },
    "marge": {
      "options": {
        "reportDir": "results",
        "overwrite": false,
        "html": false,
        "json": true
      },
      "version": "4.1.0"
    }
  }
}